Running: C:\Xilinx\14.7\ISE_DS\ISE\bin\nt64\unwrapped\fuse.exe -intstyle ise -incremental -lib unisims_ver -lib unimacro_ver -lib xilinxcorelib_ver -o C:/Users/Taylor/Documents/GitHub/hashing-optimization-/MD5_Real/MD5_run_isim_beh.exe -prj C:/Users/Taylor/Documents/GitHub/hashing-optimization-/MD5_Real/MD5_run_beh.prj work.MD5_run work.glbl 
ISim P.20131013 (signature 0x7708f090)
Number of CPUs detected in this system: 8
Turning on mult-threading, number of parallel sub-compilation jobs: 16 
Determining compilation order of HDL files
Analyzing Verilog file "C:/Users/Taylor/Documents/GitHub/hashing-optimization-/MD5_Real/IIround.v" into library work
Analyzing Verilog file "C:/Users/Taylor/Documents/GitHub/hashing-optimization-/MD5_Real/HHround.v" into library work
Analyzing Verilog file "C:/Users/Taylor/Documents/GitHub/hashing-optimization-/MD5_Real/GGround.v" into library work
Analyzing Verilog file "C:/Users/Taylor/Documents/GitHub/hashing-optimization-/MD5_Real/FFround.v" into library work
Analyzing Verilog file "C:/Users/Taylor/Documents/GitHub/hashing-optimization-/MD5_Real/Iterate_MD5.v" into library work
Analyzing Verilog file "C:/Users/Taylor/Documents/GitHub/hashing-optimization-/MD5_Real/MD5_run.v" into library work
Analyzing Verilog file "C:/Xilinx/14.7/ISE_DS/ISE//verilog/src/glbl.v" into library work
Starting static elaboration
Completed static elaboration
Compiling module FFround
Compiling module GGround
Compiling module HHround
Compiling module IIround
Compiling module Iterate_MD5
Compiling module MD5_run
Compiling module glbl
Time Resolution for simulation is 1ps.
Waiting for 1 sub-compilation(s) to finish...
Compiled 7 Verilog Units
Built simulation executable C:/Users/Taylor/Documents/GitHub/hashing-optimization-/MD5_Real/MD5_run_isim_beh.exe
Fuse Memory Usage: 29380 KB
Fuse CPU Usage: 734 ms
